<?xml version="1.0" encoding="UTF-8"?>
<!-- Generated by org.testng.reporters.JUnitXMLReporter -->
<testsuite ignored="0" hostname="DESKTOP-HL94SUI" failures="0" tests="3" name="Report2" time="0.076" errors="0" timestamp="2023-06-21T15:30:38 IST">
  <testcase classname="learning.selenium.batchTest.PaymentTest" name="paymentInDollar" time="0.028"/>
  <testcase classname="learning.selenium.batchTest.PaymentTest" name="paymentInRs" time="0.006"/>
  <testcase classname="learning.selenium.batchTest.PaymentReturns" name="paymentReturn" time="0.007"/>
</testsuite> <!-- Report2 -->
