<?xml version="1.0" encoding="UTF-8"?>
<!-- Generated by org.testng.reporters.JUnitXMLReporter -->
<testsuite ignored="0" hostname="HP448" failures="0" tests="3" name="Report2" time="0.016" errors="0" timestamp="2023-06-28T18:01:45 IST">
  <testcase classname="learning.selenium.batchTest.PaymentTest" name="paymentInDollar" time="0.003"/>
  <testcase classname="learning.selenium.batchTest.PaymentTest" name="paymentInRs" time="0.001"/>
  <testcase classname="learning.selenium.batchTest.PaymentReturns" name="paymentReturn" time="0.001"/>
</testsuite> <!-- Report2 -->
