<?xml version="1.0" encoding="UTF-8"?>
<!-- Generated by org.testng.reporters.JUnitXMLReporter -->
<testsuite ignored="0" hostname="HP448" failures="0" tests="5" name="Report1" time="0.091" errors="0" timestamp="2023-06-28T18:01:45 IST">
  <testcase classname="learning.selenium.batchTest.ClkOnButton" name="clkLogin" time="0.009"/>
  <testcase classname="learning.selenium.batchTest.LoginTest" name="loginByEmail" time="0.002"/>
  <testcase classname="learning.selenium.batchTest.LoginTest" name="loginByName" time="0.002"/>
  <testcase classname="learning.selenium.batchTest.SignupTest" name="signUpByName" time="0.005"/>
  <testcase classname="learning.selenium.batchTest.SignupTest" name="signUpByEmail" time="0.001"/>
</testsuite> <!-- Report1 -->
