<?xml version="1.0" encoding="UTF-8"?>
<testng-results ignored="0" total="2" passed="2" failed="0" skipped="0">
  <reporter-output>
  </reporter-output>
  <suite started-at="2023-06-22T20:13:23 IST" name="crossbrowser" finished-at="2023-06-22T20:13:49 IST" duration-ms="25226">
    <groups>
    </groups>
    <test started-at="2023-06-22T20:13:23 IST" name="chrome" finished-at="2023-06-22T20:13:37 IST" duration-ms="14085">
      <class name="learning.selenium.crossBrowser.CrossBrowserTesting">
        <test-method is-config="true" signature="launch(java.lang.String)[pri:0, instance:learning.selenium.crossBrowser.CrossBrowserTesting@3857f613]" started-at="2023-06-22T20:13:23 IST" name="launch" finished-at="2023-06-22T20:13:30 IST" duration-ms="7034" status="PASS">
          <params>
            <param index="0">
              <value>
                <![CDATA[chrome]]>
              </value>
            </param>
          </params>
          <reporter-output>
          </reporter-output>
        </test-method> <!-- launch -->
        <test-method signature="login()[pri:0, instance:learning.selenium.crossBrowser.CrossBrowserTesting@3857f613]" started-at="2023-06-22T20:13:30 IST" name="login" finished-at="2023-06-22T20:13:36 IST" duration-ms="5929" status="PASS">
          <reporter-output>
          </reporter-output>
        </test-method> <!-- login -->
        <test-method is-config="true" signature="tearDown()[pri:0, instance:learning.selenium.crossBrowser.CrossBrowserTesting@3857f613]" started-at="2023-06-22T20:13:36 IST" name="tearDown" finished-at="2023-06-22T20:13:37 IST" duration-ms="959" status="PASS">
          <reporter-output>
          </reporter-output>
        </test-method> <!-- tearDown -->
      </class> <!-- learning.selenium.crossBrowser.CrossBrowserTesting -->
    </test> <!-- chrome -->
    <test started-at="2023-06-22T20:13:23 IST" name="firefox" finished-at="2023-06-22T20:13:49 IST" duration-ms="25226">
      <class name="learning.selenium.crossBrowser.CrossBrowserTesting">
        <test-method is-config="true" signature="launch(java.lang.String)[pri:0, instance:learning.selenium.crossBrowser.CrossBrowserTesting@587e5365]" started-at="2023-06-22T20:13:23 IST" name="launch" finished-at="2023-06-22T20:13:40 IST" duration-ms="16904" status="PASS">
          <params>
            <param index="0">
              <value>
                <![CDATA[firefox]]>
              </value>
            </param>
          </params>
          <reporter-output>
          </reporter-output>
        </test-method> <!-- launch -->
        <test-method signature="login()[pri:0, instance:learning.selenium.crossBrowser.CrossBrowserTesting@587e5365]" started-at="2023-06-22T20:13:40 IST" name="login" finished-at="2023-06-22T20:13:44 IST" duration-ms="4200" status="PASS">
          <reporter-output>
          </reporter-output>
        </test-method> <!-- login -->
        <test-method is-config="true" signature="tearDown()[pri:0, instance:learning.selenium.crossBrowser.CrossBrowserTesting@587e5365]" started-at="2023-06-22T20:13:44 IST" name="tearDown" finished-at="2023-06-22T20:13:49 IST" duration-ms="4066" status="PASS">
          <reporter-output>
          </reporter-output>
        </test-method> <!-- tearDown -->
      </class> <!-- learning.selenium.crossBrowser.CrossBrowserTesting -->
    </test> <!-- firefox -->
  </suite> <!-- crossbrowser -->
</testng-results>
